2026-04-23 11:49:58,465 [INFO] Running inference onceģ
2026-04-23 11:49:58,555 [WARNING] g++ not available, if using conda: `conda install gxx`
2026-04-23 11:49:58,555 [WARNING] g++ not detected!  PyTensor will be unable to compile C-implementations and will default to Python. Performance may be severely degraded. To remove this warning, set PyTensor flags cxx to an empty string.
2026-04-23 11:50:00,543 [INFO] arviz_base not installed
2026-04-23 11:50:00,544 [INFO] arviz_stats not installed
2026-04-23 11:50:00,545 [INFO] arviz_plots not installed
2026-04-23 11:50:02,735 [INFO] Loading data from synthetic_nhs_pressure.csvģ
2026-04-23 11:50:02,764 [INFO] Loaded 1092 rows, 7 ICBs
2026-04-23 11:50:02,764 [INFO] Fitting Bayesian modelģ
2026-04-23 11:50:04,177 [INFO] Initializing NUTS using jitter+adapt_diag...
2026-04-23 11:50:06,328 [INFO] Sequential sampling (1 chains in 1 job)
2026-04-23 11:50:06,329 [INFO] NUTS: [mu_national, sigma_icb, icb_effect, sigma_obs]
2026-04-23 14:50:15,944 [INFO] Sampling 1 chain for 400 tune and 400 draw iterations (400 + 400 draws total) took 10810 seconds.
2026-04-23 14:50:16,078 [INFO] Only one chain was sampled, this makes it impossible to run some convergence checks
2026-04-23 14:50:16,085 [ERROR] Inference failed: module 'arviz' has no attribute 'from_pymc3'
Traceback (most recent call last):
  File "C:\Users\AnTe\.dotfiles\epiforcasts_NHS_db\inference_daemon.py", line 138, in run_inference_safe
    idata = az.from_pymc3(trace)
            ^^^^^^^^^^^^^
AttributeError: module 'arviz' has no attribute 'from_pymc3'. Did you mean: 'from_pyro'?
2026-04-24 10:29:09,364 [INFO] Running inference onceģ
2026-04-24 10:29:09,443 [WARNING] g++ not available, if using conda: `conda install gxx`
2026-04-24 10:29:09,443 [WARNING] g++ not detected!  PyTensor will be unable to compile C-implementations and will default to Python. Performance may be severely degraded. To remove this warning, set PyTensor flags cxx to an empty string.
2026-04-24 10:29:20,733 [INFO] arviz_base not installed
2026-04-24 10:29:20,736 [INFO] arviz_stats not installed
2026-04-24 10:29:20,739 [INFO] arviz_plots not installed
2026-04-24 10:29:25,410 [INFO] Loading data from synthetic_nhs_pressure.csvģ
2026-04-24 10:29:25,456 [INFO] Loaded 1092 rows, 7 ICBs
2026-04-24 10:29:25,456 [INFO] Fitting Bayesian modelģ
2026-04-24 10:29:26,749 [INFO] Initializing NUTS using jitter+adapt_diag...
2026-04-24 10:29:30,490 [INFO] Sequential sampling (1 chains in 1 job)
2026-04-24 10:29:30,491 [INFO] NUTS: [mu_national, sigma_icb, icb_effect, sigma_obs]
2026-04-24 14:02:36,764 [INFO] Sampling 1 chain for 400 tune and 400 draw iterations (400 + 400 draws total) took 12786 seconds.
2026-04-24 14:02:36,874 [INFO] Only one chain was sampled, this makes it impossible to run some convergence checks
2026-04-24 14:02:36,877 [ERROR] Inference failed: module 'arviz' has no attribute 'from_pymc'
Traceback (most recent call last):
  File "C:\Users\AnTe\.dotfiles\epiforcasts_NHS_db\inference_daemon.py", line 138, in run_inference_safe
    idata = az.from_pymc(trace)
            ^^^^^^^^^^^^
AttributeError: module 'arviz' has no attribute 'from_pymc'. Did you mean: 'from_pyro'?
